INFO:root:aaa <torch.utils.data.dataset.TensorDataset object at 0x00000256EB2BC140>
INFO:root:matriz de ceros: {pe.shape}
INFO:root:vector numeros hasta max_len (len sequencia): {position.shape}
INFO:root:factores por los que se multiplica: {div_term.shape}
INFO:root:matriz de codificaciones posicionales: {pe.shape}
INFO:root:matriz de ceros: torch.Size([5000, 64])
INFO:root:vector numeros hasta max_len (len sequencia): torch.Size([5000, 1])
INFO:root:factores por los que se multiplica: torch.Size([32])
INFO:root:matriz de codificaciones posicionales: torch.Size([5000, 1, 64])
INFO:root:test_dates: 66484    2000.029
66485    2000.031
66486    2000.034
66487    2000.037
66488    2000.040
           ...   
72860    2017.484
72861    2017.486
72862    2017.489
72863    2017.492
72864    2017.495
Name: dec_date, Length: 6381, dtype: float64
INFO:root:test_dates: 66484    2000.029
66485    2000.031
66486    2000.034
66487    2000.037
66488    2000.040
           ...   
72860    2017.484
72861    2017.486
72862    2017.489
72863    2017.492
72864    2017.495
Name: dec_date, Length: 6381, dtype: float64
INFO:root:matriz de ceros: torch.Size([5000, 64])
INFO:root:vector numeros hasta max_len (len sequencia): torch.Size([5000, 1])
INFO:root:factores por los que se multiplica: torch.Size([32])
INFO:root:matriz de codificaciones posicionales: torch.Size([5000, 1, 64])
INFO:root:test_dates: 66484    2000.029
66485    2000.031
66486    2000.034
66487    2000.037
66488    2000.040
           ...   
72860    2017.484
72861    2017.486
72862    2017.489
72863    2017.492
72864    2017.495
Name: dec_date, Length: 6381, dtype: float64
INFO:root:matriz de ceros: torch.Size([5000, 64])
INFO:root:vector numeros hasta max_len (len sequencia): torch.Size([5000, 1])
INFO:root:factores por los que se multiplica: torch.Size([32])
INFO:root:matriz de codificaciones posicionales: torch.Size([5000, 1, 64])
INFO:root:test_dates: 66484    2000.029
66485    2000.031
66486    2000.034
66487    2000.037
66488    2000.040
           ...   
72860    2017.484
72861    2017.486
72862    2017.489
72863    2017.492
72864    2017.495
Name: dec_date, Length: 6381, dtype: float64
INFO:root:matriz de ceros: torch.Size([5000, 64])
INFO:root:vector numeros hasta max_len (len sequencia): torch.Size([5000, 1])
INFO:root:factores por los que se multiplica: torch.Size([32])
INFO:root:matriz de codificaciones posicionales: torch.Size([5000, 1, 64])
INFO:root:test_dates: 66484    2000.029
66485    2000.031
66486    2000.034
66487    2000.037
66488    2000.040
           ...   
72860    2017.484
72861    2017.486
72862    2017.489
72863    2017.492
72864    2017.495
Name: dec_date, Length: 6381, dtype: float64
INFO:root:matriz de ceros: torch.Size([5000, 64])
INFO:root:vector numeros hasta max_len (len sequencia): torch.Size([5000, 1])
INFO:root:factores por los que se multiplica: torch.Size([32])
INFO:root:matriz de codificaciones posicionales: torch.Size([5000, 1, 64])
INFO:root:test_dates: 66484    2000.029
66485    2000.031
66486    2000.034
66487    2000.037
66488    2000.040
           ...   
72860    2017.484
72861    2017.486
72862    2017.489
72863    2017.492
72864    2017.495
Name: dec_date, Length: 6381, dtype: float64
INFO:root:matriz de ceros: torch.Size([5000, 64])
INFO:root:vector numeros hasta max_len (len sequencia): torch.Size([5000, 1])
INFO:root:factores por los que se multiplica: torch.Size([32])
INFO:root:matriz de codificaciones posicionales: torch.Size([5000, 1, 64])
INFO:root:test_dates: 66484    2000.029
66485    2000.031
66486    2000.034
66487    2000.037
66488    2000.040
           ...   
72860    2017.484
72861    2017.486
72862    2017.489
72863    2017.492
72864    2017.495
Name: dec_date, Length: 6381, dtype: float64
INFO:root:matriz de ceros: torch.Size([5000, 64])
INFO:root:vector numeros hasta max_len (len sequencia): torch.Size([5000, 1])
INFO:root:factores por los que se multiplica: torch.Size([32])
INFO:root:matriz de codificaciones posicionales: torch.Size([5000, 1, 64])
INFO:root:test_dates: 66484    2000.029
66485    2000.031
66486    2000.034
66487    2000.037
66488    2000.040
           ...   
72860    2017.484
72861    2017.486
72862    2017.489
72863    2017.492
72864    2017.495
Name: dec_date, Length: 6381, dtype: float64
INFO:root:matriz de ceros: torch.Size([5000, 64])
INFO:root:vector numeros hasta max_len (len sequencia): torch.Size([5000, 1])
INFO:root:factores por los que se multiplica: torch.Size([32])
INFO:root:matriz de codificaciones posicionales: torch.Size([5000, 1, 64])
INFO:root:test_dates: 66484    2000.029
66485    2000.031
66486    2000.034
66487    2000.037
66488    2000.040
           ...   
72860    2017.484
72861    2017.486
72862    2017.489
72863    2017.492
72864    2017.495
Name: dec_date, Length: 6381, dtype: float64
INFO:root:matriz de ceros: torch.Size([5000, 64])
INFO:root:vector numeros hasta max_len (len sequencia): torch.Size([5000, 1])
INFO:root:factores por los que se multiplica: torch.Size([32])
INFO:root:matriz de codificaciones posicionales: torch.Size([5000, 1, 64])
INFO:root:test_dates: 66484    2000.029
66485    2000.031
66486    2000.034
66487    2000.037
66488    2000.040
           ...   
72860    2017.484
72861    2017.486
72862    2017.489
72863    2017.492
72864    2017.495
Name: dec_date, Length: 6381, dtype: float64
INFO:root:matriz de ceros: torch.Size([5000, 64])
INFO:root:vector numeros hasta max_len (len sequencia): torch.Size([5000, 1])
INFO:root:factores por los que se multiplica: torch.Size([32])
INFO:root:matriz de codificaciones posicionales: torch.Size([5000, 1, 64])
INFO:root:test_dates: 66484    2000.029
66485    2000.031
66486    2000.034
66487    2000.037
66488    2000.040
           ...   
72860    2017.484
72861    2017.486
72862    2017.489
72863    2017.492
72864    2017.495
Name: dec_date, Length: 6381, dtype: float64
INFO:root:matriz de ceros: torch.Size([5000, 64])
INFO:root:vector numeros hasta max_len (len sequencia): torch.Size([5000, 1])
INFO:root:factores por los que se multiplica: torch.Size([32])
INFO:root:matriz de codificaciones posicionales: torch.Size([5000, 1, 64])
INFO:root:test_dates: 66484    2000.029
66485    2000.031
66486    2000.034
66487    2000.037
66488    2000.040
           ...   
72860    2017.484
72861    2017.486
72862    2017.489
72863    2017.492
72864    2017.495
Name: dec_date, Length: 6381, dtype: float64
INFO:root:matriz de ceros: torch.Size([5000, 64])
INFO:root:vector numeros hasta max_len (len sequencia): torch.Size([5000, 1])
INFO:root:factores por los que se multiplica: torch.Size([32])
INFO:root:matriz de codificaciones posicionales: torch.Size([5000, 1, 64])
INFO:root:test_dates: 66484    2000.029
66485    2000.031
66486    2000.034
66487    2000.037
66488    2000.040
           ...   
72860    2017.484
72861    2017.486
72862    2017.489
72863    2017.492
72864    2017.495
Name: dec_date, Length: 6381, dtype: float64
INFO:root:matriz de ceros: torch.Size([5000, 64])
INFO:root:vector numeros hasta max_len (len sequencia): torch.Size([5000, 1])
INFO:root:factores por los que se multiplica: torch.Size([32])
INFO:root:matriz de codificaciones posicionales: torch.Size([5000, 1, 64])
INFO:root:test_dates: 66484    2000.029
66485    2000.031
66486    2000.034
66487    2000.037
66488    2000.040
           ...   
72860    2017.484
72861    2017.486
72862    2017.489
72863    2017.492
72864    2017.495
Name: dec_date, Length: 6381, dtype: float64
INFO:root:matriz de ceros: torch.Size([5000, 64])
INFO:root:vector numeros hasta max_len (len sequencia): torch.Size([5000, 1])
INFO:root:factores por los que se multiplica: torch.Size([32])
INFO:root:matriz de codificaciones posicionales: torch.Size([5000, 1, 64])
INFO:root:test_dates: 66484    2000.029
66485    2000.031
66486    2000.034
66487    2000.037
66488    2000.040
           ...   
72860    2017.484
72861    2017.486
72862    2017.489
72863    2017.492
72864    2017.495
Name: dec_date, Length: 6381, dtype: float64
INFO:root:matriz de ceros: torch.Size([5000, 64])
INFO:root:vector numeros hasta max_len (len sequencia): torch.Size([5000, 1])
INFO:root:factores por los que se multiplica: torch.Size([32])
INFO:root:matriz de codificaciones posicionales: torch.Size([5000, 1, 64])
INFO:root:test_dates: 66484    2000.029
66485    2000.031
66486    2000.034
66487    2000.037
66488    2000.040
           ...   
72860    2017.484
72861    2017.486
72862    2017.489
72863    2017.492
72864    2017.495
Name: dec_date, Length: 6381, dtype: float64
INFO:root:matriz de ceros: torch.Size([5000, 64])
INFO:root:vector numeros hasta max_len (len sequencia): torch.Size([5000, 1])
INFO:root:factores por los que se multiplica: torch.Size([32])
INFO:root:matriz de codificaciones posicionales: torch.Size([5000, 1, 64])
INFO:root:test_dates: 66484    2000.029
66485    2000.031
66486    2000.034
66487    2000.037
66488    2000.040
           ...   
72860    2017.484
72861    2017.486
72862    2017.489
72863    2017.492
72864    2017.495
Name: dec_date, Length: 6381, dtype: float64
INFO:root:matriz de ceros: torch.Size([5000, 64])
INFO:root:vector numeros hasta max_len (len sequencia): torch.Size([5000, 1])
INFO:root:factores por los que se multiplica: torch.Size([32])
INFO:root:matriz de codificaciones posicionales: torch.Size([5000, 1, 64])
INFO:root:test_dates: 66484    2000.029
66485    2000.031
66486    2000.034
66487    2000.037
66488    2000.040
           ...   
72860    2017.484
72861    2017.486
72862    2017.489
72863    2017.492
72864    2017.495
Name: dec_date, Length: 6381, dtype: float64
INFO:root:matriz de ceros: torch.Size([5000, 64])
INFO:root:vector numeros hasta max_len (len sequencia): torch.Size([5000, 1])
INFO:root:factores por los que se multiplica: torch.Size([32])
INFO:root:matriz de codificaciones posicionales: torch.Size([5000, 1, 64])
INFO:root:test_dates: 66484    2000.029
66485    2000.031
66486    2000.034
66487    2000.037
66488    2000.040
           ...   
72860    2017.484
72861    2017.486
72862    2017.489
72863    2017.492
72864    2017.495
Name: dec_date, Length: 6381, dtype: float64
INFO:root:matriz de ceros: torch.Size([5000, 64])
INFO:root:vector numeros hasta max_len (len sequencia): torch.Size([5000, 1])
INFO:root:factores por los que se multiplica: torch.Size([32])
INFO:root:matriz de codificaciones posicionales: torch.Size([5000, 1, 64])
INFO:root:test_dates: 66484    2000.029
66485    2000.031
66486    2000.034
66487    2000.037
66488    2000.040
           ...   
72860    2017.484
72861    2017.486
72862    2017.489
72863    2017.492
72864    2017.495
Name: dec_date, Length: 6381, dtype: float64
INFO:root:matriz de ceros: torch.Size([5000, 64])
INFO:root:vector numeros hasta max_len (len sequencia): torch.Size([5000, 1])
INFO:root:factores por los que se multiplica: torch.Size([32])
INFO:root:matriz de codificaciones posicionales: torch.Size([5000, 1, 64])
INFO:root:Score (RMSE): 14.8817
INFO:root:test_dates: 66484    2000.029
66485    2000.031
66486    2000.034
66487    2000.037
66488    2000.040
           ...   
72860    2017.484
72861    2017.486
72862    2017.489
72863    2017.492
72864    2017.495
Name: dec_date, Length: 6381, dtype: float64
INFO:root:test_dates: 66484    2000.029
66485    2000.031
66486    2000.034
66487    2000.037
66488    2000.040
           ...   
72860    2017.484
72861    2017.486
72862    2017.489
72863    2017.492
72864    2017.495
Name: dec_date, Length: 6381, dtype: float64
INFO:root:test_dates: 66484    2000.029
66485    2000.031
66486    2000.034
66487    2000.037
66488    2000.040
           ...   
72860    2017.484
72861    2017.486
72862    2017.489
72863    2017.492
72864    2017.495
Name: dec_date, Length: 6381, dtype: float64
INFO:root:matriz de ceros: torch.Size([5000, 64])
INFO:root:vector numeros hasta max_len (len sequencia): torch.Size([5000, 1])
INFO:root:factores por los que se multiplica: torch.Size([32])
INFO:root:matriz de codificaciones posicionales: torch.Size([5000, 1, 64])
INFO:root:Score (RMSE): 14.8817
INFO:root:test_dates: 66484    2000.029
66485    2000.031
66486    2000.034
66487    2000.037
66488    2000.040
           ...   
72860    2017.484
72861    2017.486
72862    2017.489
72863    2017.492
72864    2017.495
Name: dec_date, Length: 6381, dtype: float64
INFO:root:matriz de ceros: torch.Size([5000, 64])
INFO:root:vector numeros hasta max_len (len sequencia): torch.Size([5000, 1])
INFO:root:factores por los que se multiplica: torch.Size([32])
INFO:root:matriz de codificaciones posicionales: torch.Size([5000, 1, 64])
INFO:root:Score (RMSE): 14.8817
