INFO:root: Dataframe shape is: (46011, 10)
INFO:root: First 10 rows:
INFO:root:              DateTime  Consumption  Production  Nuclear  ...  Oil and Gas  Coal  Solar  Biomass
0  2019-01-01 00:00:00         6352        6527     1395  ...         1896  1744      0       30
1  2019-01-01 01:00:00         6116        5701     1393  ...         1429  1641      0       30
2  2019-01-01 02:00:00         5873        5676     1393  ...         1465  1616      0       30
3  2019-01-01 03:00:00         5682        5603     1397  ...         1455  1558      0       30
4  2019-01-01 04:00:00         5557        5454     1393  ...         1454  1458      0       30
5  2019-01-01 05:00:00         5525        5385     1395  ...         1455  1456      0       30
6  2019-01-01 06:00:00         5513        5349     1392  ...         1451  1440      0       31
7  2019-01-01 07:00:00         5524        5547     1392  ...         1446  1394      0       34
8  2019-01-01 08:00:00         5510        5471     1391  ...         1357  1303      8       34
9  2019-01-01 09:00:00         5617        5545     1388  ...         1328  1319     61       34

[10 rows x 10 columns]
INFO:root:----------------------------------------------------------------
INFO:root: Train data length: 41409
INFO:root: Train data :                   DateTime  Consumption
0      2019-01-01 00:00:00         6352
1      2019-01-01 01:00:00         6116
2      2019-01-01 02:00:00         5873
3      2019-01-01 03:00:00         5682
4      2019-01-01 04:00:00         5557
...                    ...          ...
41404  2023-09-22 01:00:00         5149
41405  2023-09-22 02:00:00         4965
41406  2023-09-22 03:00:00         4946
41407  2023-09-22 04:00:00         4980
41408  2023-09-22 05:00:00         5176

[41409 rows x 2 columns]
INFO:root:----------------------------------------------------------------
INFO:root: Test data length: 4602
INFO:root: Test data :                   DateTime  Consumption
41409  2023-09-22 06:00:00         5702
41410  2023-09-22 07:00:00         6199
41411  2023-09-22 08:00:00         6479
41412  2023-09-22 09:00:00         6433
41413  2023-09-22 10:00:00         6201
...                    ...          ...
46006  2024-03-31 19:00:00         5618
46007  2024-03-31 20:00:00         6107
46008  2024-03-31 21:00:00         5991
46009  2024-03-31 22:00:00         5527
46010  2024-03-31 23:00:00         5111

[4602 rows x 2 columns]
INFO:root:----------------------------------------------------------------
INFO:root: xTrain shape: torch.Size([41399, 10, 1]), yTrain shape: torch.Size([41399, 1])
INFO:root: xTest shape: torch.Size([4592, 10, 1]), yTest shape: torch.Size([4592, 1])
INFO:root: First Batch shape: X shape: torch.Size([32, 10, 1]), y shape: torch.Size([32, 1])
INFO:root: Model Architecture: ElectricityLstm(
  (lossFunction): MSELoss()
  (lstm): LSTM(1, 64, batch_first=True)
  (dropout): Dropout(p=0.2, inplace=False)
  (fc1): Linear(in_features=64, out_features=32, bias=True)
  (fc2): Linear(in_features=32, out_features=1, bias=True)
)
